<?xml version="1.0" encoding="UTF-8"?>
<testng-results ignored="0" total="1" passed="0" failed="1" skipped="0">
  <reporter-output>
  </reporter-output>
  <suite started-at="2025-01-21T13:31:54 IST" name="Default suite" finished-at="2025-01-21T13:32:03 IST" duration-ms="9057">
    <groups>
    </groups>
    <test started-at="2025-01-21T13:31:54 IST" name="Default test" finished-at="2025-01-21T13:32:03 IST" duration-ms="9057">
      <class name="com.tshirt.MenTshirts">
        <test-method is-config="true" signature="setup()[pri:0, instance:com.tshirt.MenTshirts@738dc9b]" started-at="2025-01-21T13:31:54 IST" name="setup" finished-at="2025-01-21T13:32:02 IST" duration-ms="7990" status="PASS">
          <reporter-output>
          </reporter-output>
        </test-method> <!-- setup -->
        <test-method signature="verifyProductListWhencolorIsApplied()[pri:0, instance:com.tshirt.MenTshirts@738dc9b]" started-at="2025-01-21T13:32:02 IST" name="verifyProductListWhencolorIsApplied" finished-at="2025-01-21T13:32:03 IST" duration-ms="975" status="FAIL">
          <exception class="org.openqa.selenium.ElementNotInteractableException">
            <message>
              <![CDATA[Element <a class="desktop-categoryLink" href="/dresses?f=Gender%3Amen%20women%2Cwomen"> could not be scrolled into view
Build info: version: '4.27.0', revision: 'd6e718d134'
System info: os.name: 'Windows 10', os.arch: 'amd64', os.version: '10.0', java.version: '17.0.10'
Driver info: org.openqa.selenium.firefox.FirefoxDriver
Command: [6f10beaa-4113-44a3-9ef4-8c3a32bc246d, clickElement {id=cf1d7834-2990-44b9-a09e-6a126eeb0cc3}]
Capabilities {acceptInsecureCerts: true, browserName: firefox, browserVersion: 134.0.1, moz:accessibilityChecks: false, moz:buildID: 20250113121357, moz:debuggerAddress: 127.0.0.1:16627, moz:geckodriverVersion: 0.35.0, moz:headless: false, moz:platformVersion: 10.0, moz:processID: 2640, moz:profile: C:\Users\vozon\AppData\Loca..., moz:shutdownTimeout: 60000, moz:webdriverClick: true, moz:windowless: false, pageLoadStrategy: normal, platformName: windows, proxy: Proxy(), se:cdp: ws://127.0.0.1:16627/devtoo..., se:cdpVersion: 85.0, setWindowRect: true, strictFileInteractability: false, timeouts: {implicit: 0, pageLoad: 300000, script: 30000}, unhandledPromptBehavior: dismiss and notify, userAgent: Mozilla/5.0 (Windows NT 10....}
Element: [[FirefoxDriver: firefox on windows (6f10beaa-4113-44a3-9ef4-8c3a32bc246d)] -> xpath: //div[@class="desktop-backdropStyle"]/descendant::a[contains(@href , 'women') and contains(text(),'Dresses')]]
Session ID: 6f10beaa-4113-44a3-9ef4-8c3a32bc246d]]>
            </message>
            <full-stacktrace>
              <![CDATA[org.openqa.selenium.ElementNotInteractableException: Element <a class="desktop-categoryLink" href="/dresses?f=Gender%3Amen%20women%2Cwomen"> could not be scrolled into view
Build info: version: '4.27.0', revision: 'd6e718d134'
System info: os.name: 'Windows 10', os.arch: 'amd64', os.version: '10.0', java.version: '17.0.10'
Driver info: org.openqa.selenium.firefox.FirefoxDriver
Command: [6f10beaa-4113-44a3-9ef4-8c3a32bc246d, clickElement {id=cf1d7834-2990-44b9-a09e-6a126eeb0cc3}]
Capabilities {acceptInsecureCerts: true, browserName: firefox, browserVersion: 134.0.1, moz:accessibilityChecks: false, moz:buildID: 20250113121357, moz:debuggerAddress: 127.0.0.1:16627, moz:geckodriverVersion: 0.35.0, moz:headless: false, moz:platformVersion: 10.0, moz:processID: 2640, moz:profile: C:\Users\vozon\AppData\Loca..., moz:shutdownTimeout: 60000, moz:webdriverClick: true, moz:windowless: false, pageLoadStrategy: normal, platformName: windows, proxy: Proxy(), se:cdp: ws://127.0.0.1:16627/devtoo..., se:cdpVersion: 85.0, setWindowRect: true, strictFileInteractability: false, timeouts: {implicit: 0, pageLoad: 300000, script: 30000}, unhandledPromptBehavior: dismiss and notify, userAgent: Mozilla/5.0 (Windows NT 10....}
Element: [[FirefoxDriver: firefox on windows (6f10beaa-4113-44a3-9ef4-8c3a32bc246d)] -> xpath: //div[@class="desktop-backdropStyle"]/descendant::a[contains(@href , 'women') and contains(text(),'Dresses')]]
Session ID: 6f10beaa-4113-44a3-9ef4-8c3a32bc246d
at java.base/jdk.internal.reflect.NativeConstructorAccessorImpl.newInstance0(Native Method)
at java.base/jdk.internal.reflect.NativeConstructorAccessorImpl.newInstance(NativeConstructorAccessorImpl.java:77)
at java.base/jdk.internal.reflect.DelegatingConstructorAccessorImpl.newInstance(DelegatingConstructorAccessorImpl.java:45)
at java.base/java.lang.reflect.Constructor.newInstanceWithCaller(Constructor.java:499)
at java.base/java.lang.reflect.Constructor.newInstance(Constructor.java:480)
at org.openqa.selenium.remote.ErrorCodec.decode(ErrorCodec.java:167)
at org.openqa.selenium.remote.codec.w3c.W3CHttpResponseCodec.decode(W3CHttpResponseCodec.java:138)
at org.openqa.selenium.remote.codec.w3c.W3CHttpResponseCodec.decode(W3CHttpResponseCodec.java:50)
at org.openqa.selenium.remote.HttpCommandExecutor.execute(HttpCommandExecutor.java:190)
at org.openqa.selenium.remote.service.DriverCommandExecutor.invokeExecute(DriverCommandExecutor.java:216)
at org.openqa.selenium.remote.service.DriverCommandExecutor.execute(DriverCommandExecutor.java:174)
at org.openqa.selenium.remote.RemoteWebDriver.execute(RemoteWebDriver.java:545)
at org.openqa.selenium.remote.RemoteWebElement.execute(RemoteWebElement.java:223)
at org.openqa.selenium.remote.RemoteWebElement.click(RemoteWebElement.java:76)
at com.tshirt.MenTshirts.verifyProductListWhencolorIsApplied(MenTshirts.java:36)
at java.base/jdk.internal.reflect.NativeMethodAccessorImpl.invoke0(Native Method)
at java.base/jdk.internal.reflect.NativeMethodAccessorImpl.invoke(NativeMethodAccessorImpl.java:77)
at java.base/jdk.internal.reflect.DelegatingMethodAccessorImpl.invoke(DelegatingMethodAccessorImpl.java:43)
at java.base/java.lang.reflect.Method.invoke(Method.java:568)
at org.testng.internal.invokers.MethodInvocationHelper.invokeMethod(MethodInvocationHelper.java:139)
at org.testng.internal.invokers.TestInvoker.invokeMethod(TestInvoker.java:677)
at org.testng.internal.invokers.TestInvoker.invokeTestMethod(TestInvoker.java:221)
at org.testng.internal.invokers.MethodRunner.runInSequence(MethodRunner.java:50)
at org.testng.internal.invokers.TestInvoker$MethodInvocationAgent.invoke(TestInvoker.java:969)
at org.testng.internal.invokers.TestInvoker.invokeTestMethods(TestInvoker.java:194)
at org.testng.internal.invokers.TestMethodWorker.invokeTestMethods(TestMethodWorker.java:148)
at org.testng.internal.invokers.TestMethodWorker.run(TestMethodWorker.java:128)
at java.base/java.util.ArrayList.forEach(ArrayList.java:1511)
at org.testng.TestRunner.privateRun(TestRunner.java:829)
at org.testng.TestRunner.run(TestRunner.java:602)
at org.testng.SuiteRunner.runTest(SuiteRunner.java:437)
at org.testng.SuiteRunner.runSequentially(SuiteRunner.java:431)
at org.testng.SuiteRunner.privateRun(SuiteRunner.java:391)
at org.testng.SuiteRunner.run(SuiteRunner.java:330)
at org.testng.SuiteRunnerWorker.runSuite(SuiteRunnerWorker.java:52)
at org.testng.SuiteRunnerWorker.run(SuiteRunnerWorker.java:95)
at org.testng.TestNG.runSuitesSequentially(TestNG.java:1256)
at org.testng.TestNG.runSuitesLocally(TestNG.java:1176)
at org.testng.TestNG.runSuites(TestNG.java:1099)
at org.testng.TestNG.run(TestNG.java:1067)
at org.testng.remote.AbstractRemoteTestNG.run(AbstractRemoteTestNG.java:115)
at org.testng.remote.RemoteTestNG.initAndRun(RemoteTestNG.java:293)
at org.testng.remote.RemoteTestNG.main(RemoteTestNG.java:91)
]]>
            </full-stacktrace>
          </exception> <!-- org.openqa.selenium.ElementNotInteractableException -->
          <reporter-output>
          </reporter-output>
        </test-method> <!-- verifyProductListWhencolorIsApplied -->
      </class> <!-- com.tshirt.MenTshirts -->
    </test> <!-- Default test -->
  </suite> <!-- Default suite -->
</testng-results>
